{"/Users/eBookPro/Desktop/HackReactor/projects/hrsf105-mini-apps-2/challenge_4/enzyme.config.js": {"path":"/Users/eBookPro/Desktop/HackReactor/projects/hrsf105-mini-apps-2/challenge_4/enzyme.config.js","statementMap":{"0":{"start":{"line":4,"column":0},"end":{"line":4,"column":38}}},"fnMap":{},"branchMap":{},"s":{"0":1},"f":{},"b":{},"_coverageSchema":"332fd63041d2c1bcb487cc26dd0d5f7d97098a6c","hash":"9d06b8259079443054ec5b473e61cca9660509e1"}
,"/Users/eBookPro/Desktop/HackReactor/projects/hrsf105-mini-apps-2/challenge_4/client/App.jsx": {"path":"/Users/eBookPro/Desktop/HackReactor/projects/hrsf105-mini-apps-2/challenge_4/client/App.jsx","statementMap":{"0":{"start":{"line":6,"column":4},"end":{"line":6,"column":17}},"1":{"start":{"line":7,"column":4},"end":{"line":9,"column":6}},"2":{"start":{"line":17,"column":4},"end":{"line":21,"column":6}}},"fnMap":{"0":{"name":"(anonymous_0)","decl":{"start":{"line":5,"column":2},"end":{"line":5,"column":3}},"loc":{"start":{"line":5,"column":21},"end":{"line":10,"column":3}},"line":5},"1":{"name":"(anonymous_1)","decl":{"start":{"line":12,"column":2},"end":{"line":12,"column":3}},"loc":{"start":{"line":12,"column":22},"end":{"line":14,"column":3}},"line":12},"2":{"name":"(anonymous_2)","decl":{"start":{"line":16,"column":2},"end":{"line":16,"column":3}},"loc":{"start":{"line":16,"column":11},"end":{"line":22,"column":3}},"line":16}},"branchMap":{},"s":{"0":1,"1":1,"2":1},"f":{"0":1,"1":0,"2":1},"b":{},"_coverageSchema":"332fd63041d2c1bcb487cc26dd0d5f7d97098a6c","hash":"c6d9cee93382a110384f65e528d2fc2547b79ac5"}
}
